  Compiling CUDA source file src\core\reduction.cu...
  Compiling CUDA source file src\core\rng_state.cu...
  
  D:\code\ORmodule\ORmodule>"C:\Program Files\NVIDIA GPU Computing Toolkit\CUDA\v13.0\bin\nvcc.exe" -gencode=arch=compute_75,code=\"sm_75,compute_75\" --use-local-env -ccbin "C:\Program Files\Microsoft Visual Studio\2022\Community\VC\Tools\MSVC\14.44.35207\bin\HostX64\x64" -x cu   -ID:\code\ORmodule\ORmodule\include -I"C:\Program Files\NVIDIA GPU Computing Toolkit\CUDA\v13.0\include" -I"C:\Program Files\NVIDIA GPU Computing Toolkit\CUDA\v13.0\include"  -G   --keep-dir x64\Debug  -maxrregcount=0    --machine 64 --compile -cudart static  -g  -DWIN32 -DWIN64 -D_DEBUG -D_CONSOLE -D_MBCS -Xcompiler "/EHsc /W3 /nologo /Od /FS /Zi /RTC1 /MDd " -Xcompiler "/Fdx64\Debug\vc143.pdb" -o D:\code\ORmodule\ORmodule\x64\Debug\reduction.cu.obj "D:\code\ORmodule\ORmodule\src\core\reduction.cu" 
  
  D:\code\ORmodule\ORmodule>"C:\Program Files\NVIDIA GPU Computing Toolkit\CUDA\v13.0\bin\nvcc.exe" -gencode=arch=compute_75,code=\"sm_75,compute_75\" --use-local-env -ccbin "C:\Program Files\Microsoft Visual Studio\2022\Community\VC\Tools\MSVC\14.44.35207\bin\HostX64\x64" -x cu   -ID:\code\ORmodule\ORmodule\include -I"C:\Program Files\NVIDIA GPU Computing Toolkit\CUDA\v13.0\include" -I"C:\Program Files\NVIDIA GPU Computing Toolkit\CUDA\v13.0\include"  -G   --keep-dir x64\Debug  -maxrregcount=0    --machine 64 --compile -cudart static  -g  -DWIN32 -DWIN64 -D_DEBUG -D_CONSOLE -D_MBCS -Xcompiler "/EHsc /W3 /nologo /Od /FS /Zi /RTC1 /MDd " -Xcompiler "/Fdx64\Debug\vc143.pdb" -o D:\code\ORmodule\ORmodule\x64\Debug\rng_state.cu.obj "D:\code\ORmodule\ORmodule\src\core\rng_state.cu" 
  reduction.cu
  rng_state.cu
  tmpxft_000020f4_00000000-7_reduction.cudafe1.cpp
  tmpxft_00009490_00000000-7_rng_state.cudafe1.cpp
  main.cpp
C:\Program Files\NVIDIA GPU Computing Toolkit\CUDA\v13.0\include\curand_poisson.h(649,55): warning C4996: 'double4::x': use double4_16a or double4_32a
  (编译源文件“main.cpp”)
  
C:\Program Files\NVIDIA GPU Computing Toolkit\CUDA\v13.0\include\curand_poisson.h(650,55): warning C4996: 'double4::y': use double4_16a or double4_32a
  (编译源文件“main.cpp”)
  
C:\Program Files\NVIDIA GPU Computing Toolkit\CUDA\v13.0\include\curand_poisson.h(651,55): warning C4996: 'double4::z': use double4_16a or double4_32a
  (编译源文件“main.cpp”)
  
C:\Program Files\NVIDIA GPU Computing Toolkit\CUDA\v13.0\include\curand_poisson.h(652,55): warning C4996: 'double4::w': use double4_16a or double4_32a
  (编译源文件“main.cpp”)
  
    正在创建库 D:\code\ORmodule\x64\Debug\ORmodule.lib 和对象 D:\code\ORmodule\x64\Debug\ORmodule.exp
LINK : warning LNK4098: 默认库“LIBCMT”与其他库的使用冲突；请使用 /NODEFAULTLIB:library
  ORmodule.vcxproj -> D:\code\ORmodule\x64\Debug\ORmodule.exe
